<?xml version="1.0" encoding="UTF-8"?>
<testsuite name="com.hotel.hotel_server.ClienteControllerTest" tests="2" skipped="0" failures="0" errors="0" timestamp="2026-03-14T01:54:45.271Z" hostname="Daniels-MacBook-Pro.local" time="0.41">
  <properties/>
  <testcase name="deveListarClientes()" classname="com.hotel.hotel_server.ClienteControllerTest" time="0.22"/>
  <testcase name="deveCriarCliente()" classname="com.hotel.hotel_server.ClienteControllerTest" time="0.188"/>
  <system-out><![CDATA[22:54:43.088 [Test worker] INFO org.springframework.test.context.support.AnnotationConfigContextLoaderUtils -- Could not detect default configuration classes for test class [com.hotel.hotel_server.ClienteControllerTest]: ClienteControllerTest does not declare any static, non-private, non-final, nested classes annotated with @Configuration.
22:54:43.202 [Test worker] INFO org.springframework.boot.test.context.SpringBootTestContextBootstrapper -- Found @SpringBootConfiguration com.hotel.hotel_server.HotelServerApplication for test class com.hotel.hotel_server.ClienteControllerTest

  .   ____          _            __ _ _
 /\\ / ___'_ __ _ _(_)_ __  __ _ \ \ \ \
( ( )\___ | '_ | '_| | '_ \/ _` | \ \ \ \
 \\/  ___)| |_)| | | | | || (_| |  ) ) ) )
  '  |____| .__|_| |_|_| |_\__, | / / / /
 =========|_|==============|___/=/_/_/_/

 :: Spring Boot ::                (v3.5.0)

2026-03-13T22:54:43.572-03:00  INFO 96429 --- [    Test worker] c.h.hotel_server.ClienteControllerTest   : Starting ClienteControllerTest using Java 20.0.2 with PID 96429 (started by danielsmanioto in /Users/danielsmanioto/Documents/projects/projets_senior/hotel-server)
2026-03-13T22:54:43.573-03:00  INFO 96429 --- [    Test worker] c.h.hotel_server.ClienteControllerTest   : No active profile set, falling back to 1 default profile: "default"
2026-03-13T22:54:45.197-03:00  INFO 96429 --- [    Test worker] o.s.b.t.m.w.SpringBootMockServletContext : Initializing Spring TestDispatcherServlet ''
2026-03-13T22:54:45.197-03:00  INFO 96429 --- [    Test worker] o.s.t.web.servlet.TestDispatcherServlet  : Initializing Servlet ''
2026-03-13T22:54:45.199-03:00  INFO 96429 --- [    Test worker] o.s.t.web.servlet.TestDispatcherServlet  : Completed initialization in 1 ms
2026-03-13T22:54:45.264-03:00  INFO 96429 --- [    Test worker] c.h.hotel_server.ClienteControllerTest   : Started ClienteControllerTest in 1.971 seconds (process running for 3.174)
]]></system-out>
  <system-err><![CDATA[]]></system-err>
</testsuite>
